<?xml version="1.0" encoding="UTF-8"?>
<!-- Generated by org.testng.reporters.JUnitReportReporter -->
<testsuite skipped="0" hostname="Mayank" name="com.eBay.TestCases.TestCaseTwo" tests="1" failures="0" timestamp="2023-10-07T23:00:21 IST" time="6.401" errors="0">
  <testcase name="searchProduct" time="6.401" classname="com.eBay.TestCases.TestCaseTwo"/>
  <system-out/>
</testsuite> <!-- com.eBay.TestCases.TestCaseTwo -->
