<?xml version="1.0" encoding="UTF-8"?>
<!-- Generated by org.testng.reporters.JUnitReportReporter -->
<testsuite skipped="0" hostname="Mayank" name="com.eBay.TestCases.TestCaseOne" tests="1" failures="0" timestamp="2023-10-07T23:00:21 IST" time="15.474" errors="0">
  <testcase name="applyingFilter" time="15.474" classname="com.eBay.TestCases.TestCaseOne"/>
  <system-out/>
</testsuite> <!-- com.eBay.TestCases.TestCaseOne -->
